<?xml version="1.0" encoding="UTF-8"?>
<testsuite name="com.sparta.billy.BillyApplicationTests" tests="1" skipped="0" failures="0" errors="0" timestamp="2022-09-01T02:46:33" hostname="Keembogeul.local" time="0.055">
  <properties/>
  <testcase name="contextLoads()" classname="com.sparta.billy.BillyApplicationTests" time="0.055"/>
  <system-out><![CDATA[11:46:30.418 [Test worker] DEBUG org.springframework.test.context.BootstrapUtils - Instantiating CacheAwareContextLoaderDelegate from class [org.springframework.test.context.cache.DefaultCacheAwareContextLoaderDelegate]
11:46:30.423 [Test worker] DEBUG org.springframework.test.context.BootstrapUtils - Instantiating BootstrapContext using constructor [public org.springframework.test.context.support.DefaultBootstrapContext(java.lang.Class,org.springframework.test.context.CacheAwareContextLoaderDelegate)]
11:46:30.442 [Test worker] DEBUG org.springframework.test.context.BootstrapUtils - Instantiating TestContextBootstrapper for test class [com.sparta.billy.BillyApplicationTests] from class [org.springframework.boot.test.context.SpringBootTestContextBootstrapper]
11:46:30.448 [Test worker] INFO org.springframework.boot.test.context.SpringBootTestContextBootstrapper - Neither @ContextConfiguration nor @ContextHierarchy found for test class [com.sparta.billy.BillyApplicationTests], using SpringBootContextLoader
11:46:30.450 [Test worker] DEBUG org.springframework.test.context.support.AbstractContextLoader - Did not detect default resource location for test class [com.sparta.billy.BillyApplicationTests]: class path resource [com/sparta/billy/BillyApplicationTests-context.xml] does not exist
11:46:30.450 [Test worker] DEBUG org.springframework.test.context.support.AbstractContextLoader - Did not detect default resource location for test class [com.sparta.billy.BillyApplicationTests]: class path resource [com/sparta/billy/BillyApplicationTestsContext.groovy] does not exist
11:46:30.451 [Test worker] INFO org.springframework.test.context.support.AbstractContextLoader - Could not detect default resource locations for test class [com.sparta.billy.BillyApplicationTests]: no resource found for suffixes {-context.xml, Context.groovy}.
11:46:30.451 [Test worker] INFO org.springframework.test.context.support.AnnotationConfigContextLoaderUtils - Could not detect default configuration classes for test class [com.sparta.billy.BillyApplicationTests]: BillyApplicationTests does not declare any static, non-private, non-final, nested classes annotated with @Configuration.
11:46:30.471 [Test worker] DEBUG org.springframework.test.context.support.ActiveProfilesUtils - Could not find an 'annotation declaring class' for annotation type [org.springframework.test.context.ActiveProfiles] and class [com.sparta.billy.BillyApplicationTests]
11:46:30.496 [Test worker] DEBUG org.springframework.context.annotation.ClassPathScanningCandidateComponentProvider - Identified candidate component class: file [/Users/kimboseul/BackendBilly/build/classes/java/main/com/sparta/billy/BillyApplication.class]
11:46:30.496 [Test worker] INFO org.springframework.boot.test.context.SpringBootTestContextBootstrapper - Found @SpringBootConfiguration com.sparta.billy.BillyApplication for test class com.sparta.billy.BillyApplicationTests
11:46:30.548 [Test worker] DEBUG org.springframework.boot.test.context.SpringBootTestContextBootstrapper - @TestExecutionListeners is not present for class [com.sparta.billy.BillyApplicationTests]: using defaults.
11:46:30.548 [Test worker] INFO org.springframework.boot.test.context.SpringBootTestContextBootstrapper - Loaded default TestExecutionListener class names from location [META-INF/spring.factories]: [org.springframework.security.test.context.support.WithSecurityContextTestExecutionListener, org.springframework.security.test.context.support.ReactorContextTestExecutionListener, org.springframework.boot.test.autoconfigure.restdocs.RestDocsTestExecutionListener, org.springframework.boot.test.autoconfigure.web.client.MockRestServiceServerResetTestExecutionListener, org.springframework.boot.test.autoconfigure.web.servlet.MockMvcPrintOnlyOnFailureTestExecutionListener, org.springframework.boot.test.autoconfigure.web.servlet.WebDriverTestExecutionListener, org.springframework.boot.test.autoconfigure.webservices.client.MockWebServiceServerTestExecutionListener, org.springframework.boot.test.mock.mockito.MockitoTestExecutionListener, org.springframework.boot.test.mock.mockito.ResetMocksTestExecutionListener, org.springframework.test.context.web.ServletTestExecutionListener, org.springframework.test.context.support.DirtiesContextBeforeModesTestExecutionListener, org.springframework.test.context.event.ApplicationEventsTestExecutionListener, org.springframework.test.context.support.DependencyInjectionTestExecutionListener, org.springframework.test.context.support.DirtiesContextTestExecutionListener, org.springframework.test.context.transaction.TransactionalTestExecutionListener, org.springframework.test.context.jdbc.SqlScriptsTestExecutionListener, org.springframework.test.context.event.EventPublishingTestExecutionListener]
11:46:30.557 [Test worker] INFO org.springframework.boot.test.context.SpringBootTestContextBootstrapper - Using TestExecutionListeners: [org.springframework.test.context.web.ServletTestExecutionListener@77b7ffa4, org.springframework.test.context.support.DirtiesContextBeforeModesTestExecutionListener@5ed190be, org.springframework.test.context.event.ApplicationEventsTestExecutionListener@402f80f5, org.springframework.boot.test.mock.mockito.MockitoTestExecutionListener@5bbc9f97, org.springframework.boot.test.autoconfigure.SpringBootDependencyInjectionTestExecutionListener@133e019b, org.springframework.test.context.support.DirtiesContextTestExecutionListener@41382722, org.springframework.test.context.transaction.TransactionalTestExecutionListener@7dac3fd8, org.springframework.test.context.jdbc.SqlScriptsTestExecutionListener@425357dd, org.springframework.security.test.context.support.WithSecurityContextTestExecutionListener@2102a4d5, org.springframework.test.context.event.EventPublishingTestExecutionListener@210386e0, org.springframework.security.test.context.support.ReactorContextTestExecutionListener@3d4d3fe7, org.springframework.boot.test.autoconfigure.restdocs.RestDocsTestExecutionListener@65f87a2c, org.springframework.boot.test.autoconfigure.web.client.MockRestServiceServerResetTestExecutionListener@51684e4a, org.springframework.boot.test.autoconfigure.web.servlet.MockMvcPrintOnlyOnFailureTestExecutionListener@6ce1f601, org.springframework.boot.test.autoconfigure.web.servlet.WebDriverTestExecutionListener@38875e7d, org.springframework.boot.test.autoconfigure.webservices.client.MockWebServiceServerTestExecutionListener@1e886a5b, org.springframework.boot.test.mock.mockito.ResetMocksTestExecutionListener@d816dde]
11:46:30.559 [Test worker] DEBUG org.springframework.test.context.support.AbstractDirtiesContextTestExecutionListener - Before test class: context [DefaultTestContext@669253b7 testClass = BillyApplicationTests, testInstance = [null], testMethod = [null], testException = [null], mergedContextConfiguration = [WebMergedContextConfiguration@5305c37d testClass = BillyApplicationTests, locations = '{}', classes = '{class com.sparta.billy.BillyApplication}', contextInitializerClasses = '[]', activeProfiles = '{}', propertySourceLocations = '{}', propertySourceProperties = '{org.springframework.boot.test.context.SpringBootTestContextBootstrapper=true}', contextCustomizers = set[org.springframework.boot.test.autoconfigure.actuate.metrics.MetricsExportContextCustomizerFactory$DisableMetricExportContextCustomizer@2f6e28bc, org.springframework.boot.test.autoconfigure.properties.PropertyMappingContextCustomizer@0, org.springframework.boot.test.autoconfigure.web.servlet.WebDriverContextCustomizerFactory$Customizer@2a2c13a8, org.springframework.boot.test.context.filter.ExcludeFilterContextCustomizer@3543df7d, org.springframework.boot.test.json.DuplicateJsonObjectContextCustomizerFactory$DuplicateJsonObjectContextCustomizer@1e7aa82b, org.springframework.boot.test.mock.mockito.MockitoContextCustomizer@0, org.springframework.boot.test.web.client.TestRestTemplateContextCustomizer@6941827a, org.springframework.boot.test.context.SpringBootTestArgs@1, org.springframework.boot.test.context.SpringBootTestWebEnvironment@3e78b6a5], resourceBasePath = 'src/main/webapp', contextLoader = 'org.springframework.boot.test.context.SpringBootContextLoader', parent = [null]], attributes = map['org.springframework.test.context.web.ServletTestExecutionListener.activateListener' -> true]], class annotated with @DirtiesContext [false] with mode [null].

  .   ____          _            __ _ _
 /\\ / ___'_ __ _ _(_)_ __  __ _ \ \ \ \
( ( )\___ | '_ | '_| | '_ \/ _` | \ \ \ \
 \\/  ___)| |_)| | | | | || (_| |  ) ) ) )
  '  |____| .__|_| |_|_| |_\__, | / / / /
 =========|_|==============|___/=/_/_/_/
 :: Spring Boot ::                (v2.7.3)

2022-09-01 11:46:30.779  INFO 2105 --- [    Test worker] com.sparta.billy.BillyApplicationTests   : Starting BillyApplicationTests using Java 11.0.15 on Keembogeul.local with PID 2105 (started by kimboseul in /Users/kimboseul/BackendBilly)
2022-09-01 11:46:30.780  INFO 2105 --- [    Test worker] com.sparta.billy.BillyApplicationTests   : No active profile set, falling back to 1 default profile: "default"
2022-09-01 11:46:31.182  INFO 2105 --- [    Test worker] .s.d.r.c.RepositoryConfigurationDelegate : Bootstrapping Spring Data JPA repositories in DEFAULT mode.
2022-09-01 11:46:31.209  INFO 2105 --- [    Test worker] .s.d.r.c.RepositoryConfigurationDelegate : Finished Spring Data repository scanning in 23 ms. Found 2 JPA repository interfaces.
2022-09-01 11:46:31.487  INFO 2105 --- [    Test worker] o.hibernate.jpa.internal.util.LogHelper  : HHH000204: Processing PersistenceUnitInfo [name: default]
2022-09-01 11:46:31.510  INFO 2105 --- [    Test worker] org.hibernate.Version                    : HHH000412: Hibernate ORM core version 5.6.10.Final
2022-09-01 11:46:31.585  INFO 2105 --- [    Test worker] o.hibernate.annotations.common.Version   : HCANN000001: Hibernate Commons Annotations {5.1.2.Final}
2022-09-01 11:46:31.630  INFO 2105 --- [    Test worker] com.zaxxer.hikari.HikariDataSource       : HikariPool-1 - Starting...
2022-09-01 11:46:31.989  INFO 2105 --- [    Test worker] com.zaxxer.hikari.HikariDataSource       : HikariPool-1 - Start completed.
2022-09-01 11:46:32.003  INFO 2105 --- [    Test worker] org.hibernate.dialect.Dialect            : HHH000400: Using dialect: org.hibernate.dialect.MySQL8Dialect
2022-09-01 11:46:32.383  INFO 2105 --- [    Test worker] o.h.e.t.j.p.i.JtaPlatformInitiator       : HHH000490: Using JtaPlatform implementation: [org.hibernate.engine.transaction.jta.platform.internal.NoJtaPlatform]
2022-09-01 11:46:32.387  INFO 2105 --- [    Test worker] j.LocalContainerEntityManagerFactoryBean : Initialized JPA EntityManagerFactory for persistence unit 'default'
2022-09-01 11:46:32.721  INFO 2105 --- [    Test worker] o.s.s.web.DefaultSecurityFilterChain     : Will secure any request with [org.springframework.security.web.session.DisableEncodeUrlFilter@35d53cd8, org.springframework.security.web.context.request.async.WebAsyncManagerIntegrationFilter@1bed61d2, org.springframework.security.web.context.SecurityContextPersistenceFilter@33197c2f, org.springframework.security.web.header.HeaderWriterFilter@4028aab2, org.springframework.web.filter.CorsFilter@8a11a19, org.springframework.security.web.authentication.logout.LogoutFilter@7575f7e1, com.sparta.billy.security.jwt.JwtFilter@47393345, org.springframework.security.web.savedrequest.RequestCacheAwareFilter@705eb026, org.springframework.security.web.servletapi.SecurityContextHolderAwareRequestFilter@8de4206, org.springframework.security.web.authentication.AnonymousAuthenticationFilter@5b16e486, org.springframework.security.web.session.SessionManagementFilter@496e0f9d, org.springframework.security.web.access.ExceptionTranslationFilter@1f847d9e, org.springframework.security.web.access.intercept.FilterSecurityInterceptor@11896af6]
2022-09-01 11:46:32.845  WARN 2105 --- [    Test worker] JpaBaseConfiguration$JpaWebConfiguration : spring.jpa.open-in-view is enabled by default. Therefore, database queries may be performed during view rendering. Explicitly configure spring.jpa.open-in-view to disable this warning
2022-09-01 11:46:33.101  INFO 2105 --- [    Test worker] com.sparta.billy.BillyApplicationTests   : Started BillyApplicationTests in 2.514 seconds (JVM running for 3.184)
]]></system-out>
  <system-err><![CDATA[]]></system-err>
</testsuite>
