<?xml version="1.0" encoding="UTF-8"?>
<testsuite name="com.sparta.billy.BillyApplicationTests" tests="1" skipped="0" failures="0" errors="0" timestamp="2022-09-01T10:55:52" hostname="Keembogeul.local" time="0.094">
  <properties/>
  <testcase name="contextLoads()" classname="com.sparta.billy.BillyApplicationTests" time="0.094"/>
  <system-out><![CDATA[19:55:48.634 [Test worker] DEBUG org.springframework.test.context.BootstrapUtils - Instantiating CacheAwareContextLoaderDelegate from class [org.springframework.test.context.cache.DefaultCacheAwareContextLoaderDelegate]
19:55:48.641 [Test worker] DEBUG org.springframework.test.context.BootstrapUtils - Instantiating BootstrapContext using constructor [public org.springframework.test.context.support.DefaultBootstrapContext(java.lang.Class,org.springframework.test.context.CacheAwareContextLoaderDelegate)]
19:55:48.660 [Test worker] DEBUG org.springframework.test.context.BootstrapUtils - Instantiating TestContextBootstrapper for test class [com.sparta.billy.BillyApplicationTests] from class [org.springframework.boot.test.context.SpringBootTestContextBootstrapper]
19:55:48.666 [Test worker] INFO org.springframework.boot.test.context.SpringBootTestContextBootstrapper - Neither @ContextConfiguration nor @ContextHierarchy found for test class [com.sparta.billy.BillyApplicationTests], using SpringBootContextLoader
19:55:48.668 [Test worker] DEBUG org.springframework.test.context.support.AbstractContextLoader - Did not detect default resource location for test class [com.sparta.billy.BillyApplicationTests]: class path resource [com/sparta/billy/BillyApplicationTests-context.xml] does not exist
19:55:48.669 [Test worker] DEBUG org.springframework.test.context.support.AbstractContextLoader - Did not detect default resource location for test class [com.sparta.billy.BillyApplicationTests]: class path resource [com/sparta/billy/BillyApplicationTestsContext.groovy] does not exist
19:55:48.669 [Test worker] INFO org.springframework.test.context.support.AbstractContextLoader - Could not detect default resource locations for test class [com.sparta.billy.BillyApplicationTests]: no resource found for suffixes {-context.xml, Context.groovy}.
19:55:48.669 [Test worker] INFO org.springframework.test.context.support.AnnotationConfigContextLoaderUtils - Could not detect default configuration classes for test class [com.sparta.billy.BillyApplicationTests]: BillyApplicationTests does not declare any static, non-private, non-final, nested classes annotated with @Configuration.
19:55:48.702 [Test worker] DEBUG org.springframework.test.context.support.ActiveProfilesUtils - Could not find an 'annotation declaring class' for annotation type [org.springframework.test.context.ActiveProfiles] and class [com.sparta.billy.BillyApplicationTests]
19:55:48.739 [Test worker] DEBUG org.springframework.context.annotation.ClassPathScanningCandidateComponentProvider - Identified candidate component class: file [/Users/kimboseul/BackendBilly/build/classes/java/main/com/sparta/billy/BillyApplication.class]
19:55:48.740 [Test worker] INFO org.springframework.boot.test.context.SpringBootTestContextBootstrapper - Found @SpringBootConfiguration com.sparta.billy.BillyApplication for test class com.sparta.billy.BillyApplicationTests
19:55:48.802 [Test worker] DEBUG org.springframework.boot.test.context.SpringBootTestContextBootstrapper - @TestExecutionListeners is not present for class [com.sparta.billy.BillyApplicationTests]: using defaults.
19:55:48.802 [Test worker] INFO org.springframework.boot.test.context.SpringBootTestContextBootstrapper - Loaded default TestExecutionListener class names from location [META-INF/spring.factories]: [org.springframework.security.test.context.support.WithSecurityContextTestExecutionListener, org.springframework.security.test.context.support.ReactorContextTestExecutionListener, org.springframework.boot.test.autoconfigure.restdocs.RestDocsTestExecutionListener, org.springframework.boot.test.autoconfigure.web.client.MockRestServiceServerResetTestExecutionListener, org.springframework.boot.test.autoconfigure.web.servlet.MockMvcPrintOnlyOnFailureTestExecutionListener, org.springframework.boot.test.autoconfigure.web.servlet.WebDriverTestExecutionListener, org.springframework.boot.test.autoconfigure.webservices.client.MockWebServiceServerTestExecutionListener, org.springframework.boot.test.mock.mockito.MockitoTestExecutionListener, org.springframework.boot.test.mock.mockito.ResetMocksTestExecutionListener, org.springframework.test.context.web.ServletTestExecutionListener, org.springframework.test.context.support.DirtiesContextBeforeModesTestExecutionListener, org.springframework.test.context.event.ApplicationEventsTestExecutionListener, org.springframework.test.context.support.DependencyInjectionTestExecutionListener, org.springframework.test.context.support.DirtiesContextTestExecutionListener, org.springframework.test.context.transaction.TransactionalTestExecutionListener, org.springframework.test.context.jdbc.SqlScriptsTestExecutionListener, org.springframework.test.context.event.EventPublishingTestExecutionListener]
19:55:48.814 [Test worker] INFO org.springframework.boot.test.context.SpringBootTestContextBootstrapper - Using TestExecutionListeners: [org.springframework.test.context.web.ServletTestExecutionListener@1ea9f009, org.springframework.test.context.support.DirtiesContextBeforeModesTestExecutionListener@5d52e3ef, org.springframework.test.context.event.ApplicationEventsTestExecutionListener@5298dead, org.springframework.boot.test.mock.mockito.MockitoTestExecutionListener@553f3b6e, org.springframework.boot.test.autoconfigure.SpringBootDependencyInjectionTestExecutionListener@4c7a078, org.springframework.test.context.support.DirtiesContextTestExecutionListener@4e406694, org.springframework.test.context.transaction.TransactionalTestExecutionListener@5ab9b447, org.springframework.test.context.jdbc.SqlScriptsTestExecutionListener@76f10035, org.springframework.security.test.context.support.WithSecurityContextTestExecutionListener@4f8caaf3, org.springframework.test.context.event.EventPublishingTestExecutionListener@2b50150, org.springframework.security.test.context.support.ReactorContextTestExecutionListener@15b986cd, org.springframework.boot.test.autoconfigure.restdocs.RestDocsTestExecutionListener@6bb7cce7, org.springframework.boot.test.autoconfigure.web.client.MockRestServiceServerResetTestExecutionListener@41c62850, org.springframework.boot.test.autoconfigure.web.servlet.MockMvcPrintOnlyOnFailureTestExecutionListener@6b530eb9, org.springframework.boot.test.autoconfigure.web.servlet.WebDriverTestExecutionListener@328572f0, org.springframework.boot.test.autoconfigure.webservices.client.MockWebServiceServerTestExecutionListener@678040b3, org.springframework.boot.test.mock.mockito.ResetMocksTestExecutionListener@17f460bb]
19:55:48.816 [Test worker] DEBUG org.springframework.test.context.support.AbstractDirtiesContextTestExecutionListener - Before test class: context [DefaultTestContext@a68df9 testClass = BillyApplicationTests, testInstance = [null], testMethod = [null], testException = [null], mergedContextConfiguration = [WebMergedContextConfiguration@28b576a9 testClass = BillyApplicationTests, locations = '{}', classes = '{class com.sparta.billy.BillyApplication}', contextInitializerClasses = '[]', activeProfiles = '{}', propertySourceLocations = '{}', propertySourceProperties = '{org.springframework.boot.test.context.SpringBootTestContextBootstrapper=true}', contextCustomizers = set[org.springframework.boot.test.autoconfigure.actuate.metrics.MetricsExportContextCustomizerFactory$DisableMetricExportContextCustomizer@55b5f5d2, org.springframework.boot.test.autoconfigure.properties.PropertyMappingContextCustomizer@0, org.springframework.boot.test.autoconfigure.web.servlet.WebDriverContextCustomizerFactory$Customizer@242aa8d9, org.springframework.boot.test.context.filter.ExcludeFilterContextCustomizer@4721d212, org.springframework.boot.test.json.DuplicateJsonObjectContextCustomizerFactory$DuplicateJsonObjectContextCustomizer@62dae540, org.springframework.boot.test.mock.mockito.MockitoContextCustomizer@0, org.springframework.boot.test.web.client.TestRestTemplateContextCustomizer@3c435123, org.springframework.boot.test.context.SpringBootTestArgs@1, org.springframework.boot.test.context.SpringBootTestWebEnvironment@55c53a33], resourceBasePath = 'src/main/webapp', contextLoader = 'org.springframework.boot.test.context.SpringBootContextLoader', parent = [null]], attributes = map['org.springframework.test.context.web.ServletTestExecutionListener.activateListener' -> true]], class annotated with @DirtiesContext [false] with mode [null].

  .   ____          _            __ _ _
 /\\ / ___'_ __ _ _(_)_ __  __ _ \ \ \ \
( ( )\___ | '_ | '_| | '_ \/ _` | \ \ \ \
 \\/  ___)| |_)| | | | | || (_| |  ) ) ) )
  '  |____| .__|_| |_|_| |_\__, | / / / /
 =========|_|==============|___/=/_/_/_/
 :: Spring Boot ::                (v2.7.3)

2022-09-01 19:55:49.058  INFO 15928 --- [    Test worker] com.sparta.billy.BillyApplicationTests   : Starting BillyApplicationTests using Java 11.0.15 on Keembogeul.local with PID 15928 (started by kimboseul in /Users/kimboseul/BackendBilly)
2022-09-01 19:55:49.059  INFO 15928 --- [    Test worker] com.sparta.billy.BillyApplicationTests   : No active profile set, falling back to 1 default profile: "default"
2022-09-01 19:55:49.504  INFO 15928 --- [    Test worker] .s.d.r.c.RepositoryConfigurationDelegate : Bootstrapping Spring Data JPA repositories in DEFAULT mode.
2022-09-01 19:55:49.537  INFO 15928 --- [    Test worker] .s.d.r.c.RepositoryConfigurationDelegate : Finished Spring Data repository scanning in 28 ms. Found 2 JPA repository interfaces.
2022-09-01 19:55:49.679  INFO 15928 --- [    Test worker] trationDelegate$BeanPostProcessorChecker : Bean 'credentialsProvider' of type [com.amazonaws.auth.AWSCredentialsProviderChain] is not eligible for getting processed by all BeanPostProcessors (for example: not eligible for auto-proxying)
2022-09-01 19:55:49.834  INFO 15928 --- [    Test worker] o.hibernate.jpa.internal.util.LogHelper  : HHH000204: Processing PersistenceUnitInfo [name: default]
2022-09-01 19:55:49.860  INFO 15928 --- [    Test worker] org.hibernate.Version                    : HHH000412: Hibernate ORM core version 5.6.10.Final
2022-09-01 19:55:49.978  INFO 15928 --- [    Test worker] o.hibernate.annotations.common.Version   : HCANN000001: Hibernate Commons Annotations {5.1.2.Final}
2022-09-01 19:55:50.047  INFO 15928 --- [    Test worker] com.zaxxer.hikari.HikariDataSource       : HikariPool-1 - Starting...
2022-09-01 19:55:50.440  INFO 15928 --- [    Test worker] com.zaxxer.hikari.HikariDataSource       : HikariPool-1 - Start completed.
2022-09-01 19:55:50.460  INFO 15928 --- [    Test worker] org.hibernate.dialect.Dialect            : HHH000400: Using dialect: org.hibernate.dialect.MySQL8Dialect
2022-09-01 19:55:50.990  INFO 15928 --- [    Test worker] o.h.e.t.j.p.i.JtaPlatformInitiator       : HHH000490: Using JtaPlatform implementation: [org.hibernate.engine.transaction.jta.platform.internal.NoJtaPlatform]
2022-09-01 19:55:50.995  INFO 15928 --- [    Test worker] j.LocalContainerEntityManagerFactoryBean : Initialized JPA EntityManagerFactory for persistence unit 'default'
2022-09-01 19:55:51.911  INFO 15928 --- [    Test worker] o.s.s.web.DefaultSecurityFilterChain     : Will secure any request with [org.springframework.security.web.session.DisableEncodeUrlFilter@3d84f113, org.springframework.security.web.context.request.async.WebAsyncManagerIntegrationFilter@51d26fed, org.springframework.security.web.context.SecurityContextPersistenceFilter@1a899fcd, org.springframework.security.web.header.HeaderWriterFilter@301c622d, org.springframework.web.filter.CorsFilter@6779959d, org.springframework.security.web.authentication.logout.LogoutFilter@6e4ac3f5, com.sparta.billy.security.jwt.JwtFilter@335a45a8, org.springframework.security.web.savedrequest.RequestCacheAwareFilter@76929266, org.springframework.security.web.servletapi.SecurityContextHolderAwareRequestFilter@1b6e32ee, org.springframework.security.web.authentication.AnonymousAuthenticationFilter@294c36b9, org.springframework.security.web.session.SessionManagementFilter@3445341, org.springframework.security.web.access.ExceptionTranslationFilter@1488d1c, org.springframework.security.web.access.intercept.FilterSecurityInterceptor@5f815f93]
2022-09-01 19:55:52.683  INFO 15928 --- [    Test worker] com.sparta.billy.BillyApplicationTests   : Started BillyApplicationTests in 3.838 seconds (JVM running for 4.659)
]]></system-out>
  <system-err><![CDATA[]]></system-err>
</testsuite>
